Determining if the pthread_create exist failed with the following output:
Change Dir: /home/amr/perception_swarm_ws/build/usb_cam/CMakeFiles/CMakeTmp

Run Build Command:"/usr/bin/make" "cmTC_eb99c/fast"
/usr/bin/make -f CMakeFiles/cmTC_eb99c.dir/build.make CMakeFiles/cmTC_eb99c.dir/build
make[1]: Entering directory '/home/amr/perception_swarm_ws/build/usb_cam/CMakeFiles/CMakeTmp'
Building C object CMakeFiles/cmTC_eb99c.dir/CheckSymbolExists.c.o
/usr/bin/cc     -o CMakeFiles/cmTC_eb99c.dir/CheckSymbolExists.c.o   -c /home/amr/perception_swarm_ws/build/usb_cam/CMakeFiles/CMakeTmp/CheckSymbolExists.c
Linking C executable cmTC_eb99c
/usr/bin/cmake -E cmake_link_script CMakeFiles/cmTC_eb99c.dir/link.txt --verbose=1
/usr/bin/cc       CMakeFiles/cmTC_eb99c.dir/CheckSymbolExists.c.o  -o cmTC_eb99c -rdynamic 
CMakeFiles/cmTC_eb99c.dir/CheckSymbolExists.c.o: In function `main':
CheckSymbolExists.c:(.text+0x16): undefined reference to `pthread_create'
collect2: error: ld returned 1 exit status
CMakeFiles/cmTC_eb99c.dir/build.make:97: recipe for target 'cmTC_eb99c' failed
make[1]: *** [cmTC_eb99c] Error 1
make[1]: Leaving directory '/home/amr/perception_swarm_ws/build/usb_cam/CMakeFiles/CMakeTmp'
Makefile:126: recipe for target 'cmTC_eb99c/fast' failed
make: *** [cmTC_eb99c/fast] Error 2

File /home/amr/perception_swarm_ws/build/usb_cam/CMakeFiles/CMakeTmp/CheckSymbolExists.c:
/* */
#include <pthread.h>

int main(int argc, char** argv)
{
  (void)argv;
#ifndef pthread_create
  return ((int*)(&pthread_create))[argc];
#else
  (void)argc;
  return 0;
#endif
}

Determining if the function pthread_create exists in the pthreads failed with the following output:
Change Dir: /home/amr/perception_swarm_ws/build/usb_cam/CMakeFiles/CMakeTmp

Run Build Command:"/usr/bin/make" "cmTC_c6cdd/fast"
/usr/bin/make -f CMakeFiles/cmTC_c6cdd.dir/build.make CMakeFiles/cmTC_c6cdd.dir/build
make[1]: Entering directory '/home/amr/perception_swarm_ws/build/usb_cam/CMakeFiles/CMakeTmp'
Building C object CMakeFiles/cmTC_c6cdd.dir/CheckFunctionExists.c.o
/usr/bin/cc    -DCHECK_FUNCTION_EXISTS=pthread_create   -o CMakeFiles/cmTC_c6cdd.dir/CheckFunctionExists.c.o   -c /usr/share/cmake-3.5/Modules/CheckFunctionExists.c
Linking C executable cmTC_c6cdd
/usr/bin/cmake -E cmake_link_script CMakeFiles/cmTC_c6cdd.dir/link.txt --verbose=1
/usr/bin/cc   -DCHECK_FUNCTION_EXISTS=pthread_create    CMakeFiles/cmTC_c6cdd.dir/CheckFunctionExists.c.o  -o cmTC_c6cdd -rdynamic -lpthreads 
/usr/bin/ld: cannot find -lpthreads
collect2: error: ld returned 1 exit status
CMakeFiles/cmTC_c6cdd.dir/build.make:97: recipe for target 'cmTC_c6cdd' failed
make[1]: *** [cmTC_c6cdd] Error 1
make[1]: Leaving directory '/home/amr/perception_swarm_ws/build/usb_cam/CMakeFiles/CMakeTmp'
Makefile:126: recipe for target 'cmTC_c6cdd/fast' failed
make: *** [cmTC_c6cdd/fast] Error 2


