Determining if the pthread_create exist failed with the following output:
Change Dir: /home/amr/perception_ws/build/image_rotate/CMakeFiles/CMakeTmp

Run Build Command:"/usr/bin/make" "cmTC_a2355/fast"
/usr/bin/make -f CMakeFiles/cmTC_a2355.dir/build.make CMakeFiles/cmTC_a2355.dir/build
make[1]: Entering directory '/home/amr/perception_ws/build/image_rotate/CMakeFiles/CMakeTmp'
Building C object CMakeFiles/cmTC_a2355.dir/CheckSymbolExists.c.o
/usr/bin/cc     -o CMakeFiles/cmTC_a2355.dir/CheckSymbolExists.c.o   -c /home/amr/perception_ws/build/image_rotate/CMakeFiles/CMakeTmp/CheckSymbolExists.c
Linking C executable cmTC_a2355
/usr/bin/cmake -E cmake_link_script CMakeFiles/cmTC_a2355.dir/link.txt --verbose=1
/usr/bin/cc       CMakeFiles/cmTC_a2355.dir/CheckSymbolExists.c.o  -o cmTC_a2355 -rdynamic 
CMakeFiles/cmTC_a2355.dir/CheckSymbolExists.c.o: In function `main':
CheckSymbolExists.c:(.text+0x16): undefined reference to `pthread_create'
collect2: error: ld returned 1 exit status
CMakeFiles/cmTC_a2355.dir/build.make:97: recipe for target 'cmTC_a2355' failed
make[1]: *** [cmTC_a2355] Error 1
make[1]: Leaving directory '/home/amr/perception_ws/build/image_rotate/CMakeFiles/CMakeTmp'
Makefile:126: recipe for target 'cmTC_a2355/fast' failed
make: *** [cmTC_a2355/fast] Error 2

File /home/amr/perception_ws/build/image_rotate/CMakeFiles/CMakeTmp/CheckSymbolExists.c:
/* */
#include <pthread.h>

int main(int argc, char** argv)
{
  (void)argv;
#ifndef pthread_create
  return ((int*)(&pthread_create))[argc];
#else
  (void)argc;
  return 0;
#endif
}

Determining if the function pthread_create exists in the pthreads failed with the following output:
Change Dir: /home/amr/perception_ws/build/image_rotate/CMakeFiles/CMakeTmp

Run Build Command:"/usr/bin/make" "cmTC_6aac4/fast"
/usr/bin/make -f CMakeFiles/cmTC_6aac4.dir/build.make CMakeFiles/cmTC_6aac4.dir/build
make[1]: Entering directory '/home/amr/perception_ws/build/image_rotate/CMakeFiles/CMakeTmp'
Building C object CMakeFiles/cmTC_6aac4.dir/CheckFunctionExists.c.o
/usr/bin/cc    -DCHECK_FUNCTION_EXISTS=pthread_create   -o CMakeFiles/cmTC_6aac4.dir/CheckFunctionExists.c.o   -c /usr/share/cmake-3.5/Modules/CheckFunctionExists.c
Linking C executable cmTC_6aac4
/usr/bin/cmake -E cmake_link_script CMakeFiles/cmTC_6aac4.dir/link.txt --verbose=1
/usr/bin/cc   -DCHECK_FUNCTION_EXISTS=pthread_create    CMakeFiles/cmTC_6aac4.dir/CheckFunctionExists.c.o  -o cmTC_6aac4 -rdynamic -lpthreads 
/usr/bin/ld: cannot find -lpthreads
collect2: error: ld returned 1 exit status
CMakeFiles/cmTC_6aac4.dir/build.make:97: recipe for target 'cmTC_6aac4' failed
make[1]: *** [cmTC_6aac4] Error 1
make[1]: Leaving directory '/home/amr/perception_ws/build/image_rotate/CMakeFiles/CMakeTmp'
Makefile:126: recipe for target 'cmTC_6aac4/fast' failed
make: *** [cmTC_6aac4/fast] Error 2


