Determining if the pthread_create exist failed with the following output:
Change Dir: /home/amr/perception_swarm_ws/build/catkin_tools_prebuild/CMakeFiles/CMakeTmp

Run Build Command:"/usr/bin/make" "cmTC_764da/fast"
/usr/bin/make -f CMakeFiles/cmTC_764da.dir/build.make CMakeFiles/cmTC_764da.dir/build
make[1]: Entering directory '/home/amr/perception_swarm_ws/build/catkin_tools_prebuild/CMakeFiles/CMakeTmp'
Building C object CMakeFiles/cmTC_764da.dir/CheckSymbolExists.c.o
/usr/bin/cc     -o CMakeFiles/cmTC_764da.dir/CheckSymbolExists.c.o   -c /home/amr/perception_swarm_ws/build/catkin_tools_prebuild/CMakeFiles/CMakeTmp/CheckSymbolExists.c
Linking C executable cmTC_764da
/usr/bin/cmake -E cmake_link_script CMakeFiles/cmTC_764da.dir/link.txt --verbose=1
/usr/bin/cc       CMakeFiles/cmTC_764da.dir/CheckSymbolExists.c.o  -o cmTC_764da -rdynamic 
CMakeFiles/cmTC_764da.dir/CheckSymbolExists.c.o: In function `main':
CheckSymbolExists.c:(.text+0x16): undefined reference to `pthread_create'
collect2: error: ld returned 1 exit status
CMakeFiles/cmTC_764da.dir/build.make:97: recipe for target 'cmTC_764da' failed
make[1]: *** [cmTC_764da] Error 1
make[1]: Leaving directory '/home/amr/perception_swarm_ws/build/catkin_tools_prebuild/CMakeFiles/CMakeTmp'
Makefile:126: recipe for target 'cmTC_764da/fast' failed
make: *** [cmTC_764da/fast] Error 2

File /home/amr/perception_swarm_ws/build/catkin_tools_prebuild/CMakeFiles/CMakeTmp/CheckSymbolExists.c:
/* */
#include <pthread.h>

int main(int argc, char** argv)
{
  (void)argv;
#ifndef pthread_create
  return ((int*)(&pthread_create))[argc];
#else
  (void)argc;
  return 0;
#endif
}

Determining if the function pthread_create exists in the pthreads failed with the following output:
Change Dir: /home/amr/perception_swarm_ws/build/catkin_tools_prebuild/CMakeFiles/CMakeTmp

Run Build Command:"/usr/bin/make" "cmTC_e594a/fast"
/usr/bin/make -f CMakeFiles/cmTC_e594a.dir/build.make CMakeFiles/cmTC_e594a.dir/build
make[1]: Entering directory '/home/amr/perception_swarm_ws/build/catkin_tools_prebuild/CMakeFiles/CMakeTmp'
Building C object CMakeFiles/cmTC_e594a.dir/CheckFunctionExists.c.o
/usr/bin/cc    -DCHECK_FUNCTION_EXISTS=pthread_create   -o CMakeFiles/cmTC_e594a.dir/CheckFunctionExists.c.o   -c /usr/share/cmake-3.5/Modules/CheckFunctionExists.c
Linking C executable cmTC_e594a
/usr/bin/cmake -E cmake_link_script CMakeFiles/cmTC_e594a.dir/link.txt --verbose=1
/usr/bin/cc   -DCHECK_FUNCTION_EXISTS=pthread_create    CMakeFiles/cmTC_e594a.dir/CheckFunctionExists.c.o  -o cmTC_e594a -rdynamic -lpthreads 
/usr/bin/ld: cannot find -lpthreads
collect2: error: ld returned 1 exit status
CMakeFiles/cmTC_e594a.dir/build.make:97: recipe for target 'cmTC_e594a' failed
make[1]: *** [cmTC_e594a] Error 1
make[1]: Leaving directory '/home/amr/perception_swarm_ws/build/catkin_tools_prebuild/CMakeFiles/CMakeTmp'
Makefile:126: recipe for target 'cmTC_e594a/fast' failed
make: *** [cmTC_e594a/fast] Error 2


