Determining if the pthread_create exist failed with the following output:
Change Dir: /home/amr/perception_swarm_ws/build/apriltag/CMakeFiles/CMakeTmp

Run Build Command:"/usr/bin/make" "cmTC_b4d8c/fast"
/usr/bin/make -f CMakeFiles/cmTC_b4d8c.dir/build.make CMakeFiles/cmTC_b4d8c.dir/build
make[1]: Entering directory '/home/amr/perception_swarm_ws/build/apriltag/CMakeFiles/CMakeTmp'
Building C object CMakeFiles/cmTC_b4d8c.dir/CheckSymbolExists.c.o
/usr/bin/cc     -o CMakeFiles/cmTC_b4d8c.dir/CheckSymbolExists.c.o   -c /home/amr/perception_swarm_ws/build/apriltag/CMakeFiles/CMakeTmp/CheckSymbolExists.c
Linking C executable cmTC_b4d8c
/usr/bin/cmake -E cmake_link_script CMakeFiles/cmTC_b4d8c.dir/link.txt --verbose=1
/usr/bin/cc       CMakeFiles/cmTC_b4d8c.dir/CheckSymbolExists.c.o  -o cmTC_b4d8c -rdynamic 
CMakeFiles/cmTC_b4d8c.dir/CheckSymbolExists.c.o: In function `main':
CheckSymbolExists.c:(.text+0x16): undefined reference to `pthread_create'
collect2: error: ld returned 1 exit status
CMakeFiles/cmTC_b4d8c.dir/build.make:97: recipe for target 'cmTC_b4d8c' failed
make[1]: *** [cmTC_b4d8c] Error 1
make[1]: Leaving directory '/home/amr/perception_swarm_ws/build/apriltag/CMakeFiles/CMakeTmp'
Makefile:126: recipe for target 'cmTC_b4d8c/fast' failed
make: *** [cmTC_b4d8c/fast] Error 2

File /home/amr/perception_swarm_ws/build/apriltag/CMakeFiles/CMakeTmp/CheckSymbolExists.c:
/* */
#include <pthread.h>

int main(int argc, char** argv)
{
  (void)argv;
#ifndef pthread_create
  return ((int*)(&pthread_create))[argc];
#else
  (void)argc;
  return 0;
#endif
}

Determining if the function pthread_create exists in the pthreads failed with the following output:
Change Dir: /home/amr/perception_swarm_ws/build/apriltag/CMakeFiles/CMakeTmp

Run Build Command:"/usr/bin/make" "cmTC_fc017/fast"
/usr/bin/make -f CMakeFiles/cmTC_fc017.dir/build.make CMakeFiles/cmTC_fc017.dir/build
make[1]: Entering directory '/home/amr/perception_swarm_ws/build/apriltag/CMakeFiles/CMakeTmp'
Building C object CMakeFiles/cmTC_fc017.dir/CheckFunctionExists.c.o
/usr/bin/cc    -DCHECK_FUNCTION_EXISTS=pthread_create   -o CMakeFiles/cmTC_fc017.dir/CheckFunctionExists.c.o   -c /usr/share/cmake-3.5/Modules/CheckFunctionExists.c
Linking C executable cmTC_fc017
/usr/bin/cmake -E cmake_link_script CMakeFiles/cmTC_fc017.dir/link.txt --verbose=1
/usr/bin/cc   -DCHECK_FUNCTION_EXISTS=pthread_create    CMakeFiles/cmTC_fc017.dir/CheckFunctionExists.c.o  -o cmTC_fc017 -rdynamic -lpthreads 
/usr/bin/ld: cannot find -lpthreads
collect2: error: ld returned 1 exit status
CMakeFiles/cmTC_fc017.dir/build.make:97: recipe for target 'cmTC_fc017' failed
make[1]: *** [cmTC_fc017] Error 1
make[1]: Leaving directory '/home/amr/perception_swarm_ws/build/apriltag/CMakeFiles/CMakeTmp'
Makefile:126: recipe for target 'cmTC_fc017/fast' failed
make: *** [cmTC_fc017/fast] Error 2


