Determining if the pthread_create exist failed with the following output:
Change Dir: /home/amr/perception_swarm_ws/build/stereo_image_proc/CMakeFiles/CMakeTmp

Run Build Command:"/usr/bin/make" "cmTC_d936f/fast"
/usr/bin/make -f CMakeFiles/cmTC_d936f.dir/build.make CMakeFiles/cmTC_d936f.dir/build
make[1]: Entering directory '/home/amr/perception_swarm_ws/build/stereo_image_proc/CMakeFiles/CMakeTmp'
Building C object CMakeFiles/cmTC_d936f.dir/CheckSymbolExists.c.o
/usr/bin/cc     -o CMakeFiles/cmTC_d936f.dir/CheckSymbolExists.c.o   -c /home/amr/perception_swarm_ws/build/stereo_image_proc/CMakeFiles/CMakeTmp/CheckSymbolExists.c
Linking C executable cmTC_d936f
/usr/bin/cmake -E cmake_link_script CMakeFiles/cmTC_d936f.dir/link.txt --verbose=1
/usr/bin/cc       CMakeFiles/cmTC_d936f.dir/CheckSymbolExists.c.o  -o cmTC_d936f -rdynamic 
CMakeFiles/cmTC_d936f.dir/CheckSymbolExists.c.o: In function `main':
CheckSymbolExists.c:(.text+0x16): undefined reference to `pthread_create'
collect2: error: ld returned 1 exit status
CMakeFiles/cmTC_d936f.dir/build.make:97: recipe for target 'cmTC_d936f' failed
make[1]: *** [cmTC_d936f] Error 1
make[1]: Leaving directory '/home/amr/perception_swarm_ws/build/stereo_image_proc/CMakeFiles/CMakeTmp'
Makefile:126: recipe for target 'cmTC_d936f/fast' failed
make: *** [cmTC_d936f/fast] Error 2

File /home/amr/perception_swarm_ws/build/stereo_image_proc/CMakeFiles/CMakeTmp/CheckSymbolExists.c:
/* */
#include <pthread.h>

int main(int argc, char** argv)
{
  (void)argv;
#ifndef pthread_create
  return ((int*)(&pthread_create))[argc];
#else
  (void)argc;
  return 0;
#endif
}

Determining if the function pthread_create exists in the pthreads failed with the following output:
Change Dir: /home/amr/perception_swarm_ws/build/stereo_image_proc/CMakeFiles/CMakeTmp

Run Build Command:"/usr/bin/make" "cmTC_a1953/fast"
/usr/bin/make -f CMakeFiles/cmTC_a1953.dir/build.make CMakeFiles/cmTC_a1953.dir/build
make[1]: Entering directory '/home/amr/perception_swarm_ws/build/stereo_image_proc/CMakeFiles/CMakeTmp'
Building C object CMakeFiles/cmTC_a1953.dir/CheckFunctionExists.c.o
/usr/bin/cc    -DCHECK_FUNCTION_EXISTS=pthread_create   -o CMakeFiles/cmTC_a1953.dir/CheckFunctionExists.c.o   -c /usr/share/cmake-3.5/Modules/CheckFunctionExists.c
Linking C executable cmTC_a1953
/usr/bin/cmake -E cmake_link_script CMakeFiles/cmTC_a1953.dir/link.txt --verbose=1
/usr/bin/cc   -DCHECK_FUNCTION_EXISTS=pthread_create    CMakeFiles/cmTC_a1953.dir/CheckFunctionExists.c.o  -o cmTC_a1953 -rdynamic -lpthreads 
/usr/bin/ld: cannot find -lpthreads
collect2: error: ld returned 1 exit status
CMakeFiles/cmTC_a1953.dir/build.make:97: recipe for target 'cmTC_a1953' failed
make[1]: *** [cmTC_a1953] Error 1
make[1]: Leaving directory '/home/amr/perception_swarm_ws/build/stereo_image_proc/CMakeFiles/CMakeTmp'
Makefile:126: recipe for target 'cmTC_a1953/fast' failed
make: *** [cmTC_a1953/fast] Error 2


